<?xml version="1.0" encoding="UTF-8"?>
<!-- Generated by org.testng.reporters.JUnitReportReporter -->
<testsuite hostname="DSHYD_LAP_044" failures="0" tests="1" name="com.testingxpertsdemo.cucumberud.RunCucumberTest" time="7.813" errors="1" timestamp="2022-01-06T12:40:58 IST" skipped="0">
  <testcase classname="com.testingxpertsdemo.cucumberud.RunCucumberTest" name="runScenario" time="7.813">
    <error message="session not created: This version of ChromeDriver only supports Chrome version 95
Current browser version is 97.0.4692.71 with binary path C:\Program Files\Google\Chrome\Application\chrome.exe
Build info: version: &#039;3.141.59&#039;, revision: &#039;e82be7d358&#039;, time: &#039;2018-11-14T08:17:03&#039;
System info: host: &#039;DSHYD_LAP_044&#039;, ip: &#039;192.168.1.6&#039;, os.name: &#039;Windows 10&#039;, os.arch: &#039;amd64&#039;, os.version: &#039;10.0&#039;, java.version: &#039;16.0.1&#039;
Driver info: driver.version: ChromeDriver
remote stacktrace: Backtrace:
	Ordinal0 [0x00F43AB3+2505395]
	Ordinal0 [0x00EDAE41+2076225]
	Ordinal0 [0x00DE2498+1057944]
	Ordinal0 [0x00E00841+1181761]
	Ordinal0 [0x00DFC64B+1164875]
	Ordinal0 [0x00DF9EBF+1154751]
	Ordinal0 [0x00E2A02F+1351727]
	Ordinal0 [0x00E29C9A+1350810]
	Ordinal0 [0x00E258BB+1333435]
	Ordinal0 [0x00E023E4+1188836]
	Ordinal0 [0x00E0323F+1192511]
	GetHandleVerifier [0x010CCB36+1554566]
	GetHandleVerifier [0x01174A0C+2242396]
	GetHandleVerifier [0x00FD0E0B+523099]
	GetHandleVerifier [0x00FCFEB0+519168]
	Ordinal0 [0x00EE02FD+2097917]
	Ordinal0 [0x00EE4388+2114440]
	Ordinal0 [0x00EE44C2+2114754]
	Ordinal0 [0x00EEE041+2154561]
	BaseThreadInitThunk [0x74EAFA29+25]
	RtlGetAppContainerNamedObjectPath [0x77037A9E+286]
	RtlGetAppContainerNamedObjectPath [0x77037A6E+238]
" type="org.openqa.selenium.SessionNotCreatedException">
      <![CDATA[org.openqa.selenium.SessionNotCreatedException: session not created: This version of ChromeDriver only supports Chrome version 95
Current browser version is 97.0.4692.71 with binary path C:\Program Files\Google\Chrome\Application\chrome.exe
Build info: version: '3.141.59', revision: 'e82be7d358', time: '2018-11-14T08:17:03'
System info: host: 'DSHYD_LAP_044', ip: '192.168.1.6', os.name: 'Windows 10', os.arch: 'amd64', os.version: '10.0', java.version: '16.0.1'
Driver info: driver.version: ChromeDriver
remote stacktrace: Backtrace:
Ordinal0 [0x00F43AB3+2505395]
Ordinal0 [0x00EDAE41+2076225]
Ordinal0 [0x00DE2498+1057944]
Ordinal0 [0x00E00841+1181761]
Ordinal0 [0x00DFC64B+1164875]
Ordinal0 [0x00DF9EBF+1154751]
Ordinal0 [0x00E2A02F+1351727]
Ordinal0 [0x00E29C9A+1350810]
Ordinal0 [0x00E258BB+1333435]
Ordinal0 [0x00E023E4+1188836]
Ordinal0 [0x00E0323F+1192511]
GetHandleVerifier [0x010CCB36+1554566]
GetHandleVerifier [0x01174A0C+2242396]
GetHandleVerifier [0x00FD0E0B+523099]
GetHandleVerifier [0x00FCFEB0+519168]
Ordinal0 [0x00EE02FD+2097917]
Ordinal0 [0x00EE4388+2114440]
Ordinal0 [0x00EE44C2+2114754]
Ordinal0 [0x00EEE041+2154561]
BaseThreadInitThunk [0x74EAFA29+25]
RtlGetAppContainerNamedObjectPath [0x77037A9E+286]
RtlGetAppContainerNamedObjectPath [0x77037A6E+238]

at java.base/jdk.internal.reflect.NativeConstructorAccessorImpl.newInstance0(Native Method)
at java.base/jdk.internal.reflect.NativeConstructorAccessorImpl.newInstance(NativeConstructorAccessorImpl.java:78)
at java.base/jdk.internal.reflect.DelegatingConstructorAccessorImpl.newInstance(DelegatingConstructorAccessorImpl.java:45)
at java.base/java.lang.reflect.Constructor.newInstanceWithCaller(Constructor.java:499)
at java.base/java.lang.reflect.Constructor.newInstance(Constructor.java:480)
at org.openqa.selenium.remote.W3CHandshakeResponse.lambda$errorHandler$0(W3CHandshakeResponse.java:62)
at org.openqa.selenium.remote.HandshakeResponse.lambda$getResponseFunction$0(HandshakeResponse.java:30)
at org.openqa.selenium.remote.ProtocolHandshake.lambda$createSession$0(ProtocolHandshake.java:126)
at java.base/java.util.stream.ReferencePipeline$3$1.accept(ReferencePipeline.java:197)
at java.base/java.util.Spliterators$ArraySpliterator.tryAdvance(Spliterators.java:958)
at java.base/java.util.stream.ReferencePipeline.forEachWithCancel(ReferencePipeline.java:129)
at java.base/java.util.stream.AbstractPipeline.copyIntoWithCancel(AbstractPipeline.java:502)
at java.base/java.util.stream.AbstractPipeline.copyInto(AbstractPipeline.java:488)
at java.base/java.util.stream.AbstractPipeline.wrapAndCopyInto(AbstractPipeline.java:474)
at java.base/java.util.stream.FindOps$FindOp.evaluateSequential(FindOps.java:150)
at java.base/java.util.stream.AbstractPipeline.evaluate(AbstractPipeline.java:234)
at java.base/java.util.stream.ReferencePipeline.findFirst(ReferencePipeline.java:647)
at org.openqa.selenium.remote.ProtocolHandshake.createSession(ProtocolHandshake.java:128)
at org.openqa.selenium.remote.ProtocolHandshake.createSession(ProtocolHandshake.java:74)
at org.openqa.selenium.remote.HttpCommandExecutor.execute(HttpCommandExecutor.java:136)
at org.openqa.selenium.remote.service.DriverCommandExecutor.execute(DriverCommandExecutor.java:83)
at org.openqa.selenium.remote.RemoteWebDriver.execute(RemoteWebDriver.java:552)
at org.openqa.selenium.remote.RemoteWebDriver.startSession(RemoteWebDriver.java:213)
at org.openqa.selenium.remote.RemoteWebDriver.<init>(RemoteWebDriver.java:131)
at org.openqa.selenium.chrome.ChromeDriver.<init>(ChromeDriver.java:181)
at org.openqa.selenium.chrome.ChromeDriver.<init>(ChromeDriver.java:168)
at org.openqa.selenium.chrome.ChromeDriver.<init>(ChromeDriver.java:123)
at com.testingxpertsdemo.cucumberud.StepDefinitions.open_a_browser(StepDefinitions.java:23)
at âœ½.open  a browser(classpath:com/testingxpertsdemo/cucumberud/productadd.feature:25)
]]>
    </error>
  </testcase> <!-- runScenario -->
  <system-out/>
</testsuite> <!-- com.testingxpertsdemo.cucumberud.RunCucumberTest -->
